{"event_id": "04b41da7-764a-4455-86bc-e1a1bac869b1", "event_type": "policy_violation", "timestamp": "2026-07-22T09:49:50.886096+00:00", "status": "warning", "severity": "medium", "process_name": "chrome.exe", "window_title": "HACKSPRINT HACKATHON - Agentic AI Platform - Google Chrome", "reason": "Application is not defined in policy: chrome.exe", "sync_status": "pending", "retry_count": 0}
{"event_id": "103cc796-a2f8-458e-8a8d-bb000ae55d7b", "event_type": "policy_violation", "timestamp": "2026-07-22T09:49:54.890174+00:00", "status": "warning", "severity": "medium", "process_name": "chrome.exe", "window_title": "Commits · shyamkailash/LiveLook-V2 - Google Chrome", "reason": "Application is not defined in policy: chrome.exe", "sync_status": "pending", "retry_count": 0}
{"event_id": "74a9fecb-4b8f-4b1b-a408-ae8694deebe0", "event_type": "policy_violation", "timestamp": "2026-07-22T09:49:56.892446+00:00", "status": "blocked", "severity": "high", "process_name": "chrome.exe", "window_title": "ChatGPT - Google Chrome", "reason": "Blocked window keyword detected: chatgpt", "sync_status": "pending", "retry_count": 0}
{"event_id": "85b30a2d-c8b9-4e09-b5f1-7062533ff679", "event_type": "policy_violation", "timestamp": "2026-07-22T09:49:58.894205+00:00", "status": "warning", "severity": "medium", "process_name": "chrome.exe", "window_title": "SIET_HACKATHONS - Google Chrome", "reason": "Application is not defined in policy: chrome.exe", "sync_status": "pending", "retry_count": 0}
{"event_id": "2e679542-f187-4a5f-9d1b-9cbaaf6de895", "event_type": "policy_violation", "timestamp": "2026-07-22T09:50:02.896656+00:00", "status": "warning", "severity": "medium", "process_name": "WindowsTerminal.exe", "window_title": "Windows PowerShell", "reason": "Application is not defined in policy: windowsterminal.exe", "sync_status": "pending", "retry_count": 0}
{"event_id": "823fd0c2-7d80-4516-a984-0c8e8077b5c0", "event_type": "policy_violation", "timestamp": "2026-07-22T09:50:30.907114+00:00", "status": "warning", "severity": "medium", "process_name": "WindowsTerminal.exe", "window_title": "Windows PowerShell", "reason": "Application is not defined in policy: windowsterminal.exe", "sync_status": "pending", "retry_count": 0}
{"event_id": "cd2cd5da-c515-400e-a954-784bbc28e499", "event_type": "policy_violation", "timestamp": "2026-07-22T09:50:34.909866+00:00", "status": "warning", "severity": "medium", "process_name": "chrome.exe", "window_title": "HACKSPRINT HACKATHON - Agentic AI Platform - Google Chrome", "reason": "Application is not defined in policy: chrome.exe", "sync_status": "pending", "retry_count": 0}
